MC1PCURSHW 012B VCCO_34 1501250 1932 2900 VCCO_16 3301250 0 0 VCCO_15 3293750 46 152 VCCO_14 3295000 0 0 VCCO_13 3301250 1150 3797 VCCO_0 3296250 14950 49276 VCCADC 0 0 0 MGTAVTT 1200000 10332 12399 MGTAVCC 998750 8118 8102 VCCAUX 1800000 21648 38967 VCCRAM 798750 612 489 VCCINT 798750 14260 11380 
MC1PTMPGET 001C 28.688 0.000
MC1PCURSHW 012B VCCO_34 1501250 1932 2900 VCCO_16 3301250 0 0 VCCO_15 3293750 46 152 VCCO_14 3295000 0 0 VCCO_13 3301250 1150 3797 VCCO_0 3296250 14950 49276 VCCADC 0 0 0 MGTAVTT 1200000 10332 12399 MGTAVCC 998750 8118 8102 VCCAUX 1800000 21648 38967 VCCRAM 798750 612 489 VCCINT 798750 14260 11380 
MC1PTMPGET 001C 28.688 0.000
MC1PCURSHW 012B VCCO_34 1501250 1932 2900 VCCO_16 3301250 0 0 VCCO_15 3293750 46 152 VCCO_14 3295000 0 0 VCCO_13 3301250 1150 3797 VCCO_0 3296250 14950 49276 VCCADC 0 0 0 MGTAVTT 1200000 10332 12399 MGTAVCC 998750 8118 8102 VCCAUX 1800000 21648 38967 VCCRAM 798750 612 489 VCCINT 798750 14260 11380 
MC1PTMPGET 001C 28.688 0.000
MC1PCURSHW 012B VCCO_34 1501250 1932 2900 VCCO_16 3301250 0 0 VCCO_15 3293750 46 152 VCCO_14 3295000 0 0 VCCO_13 3301250 1150 3797 VCCO_0 3296250 14950 49276 VCCADC 0 0 0 MGTAVTT 1200000 10332 12399 MGTAVCC 998750 8118 8102 VCCAUX 1800000 21648 38967 VCCRAM 798750 612 489 VCCINT 798750 14260 11380 
MC1PTMPGET 001C 28.625 0.000
MC1PCURSHW 012B VCCO_34 1501250 1932 2900 VCCO_16 3301250 0 0 VCCO_15 3293750 46 152 VCCO_14 3295000 0 0 VCCO_13 3301250 1150 3797 VCCO_0 3296250 14950 49276 VCCADC 0 0 0 MGTAVTT 1200000 10332 12399 MGTAVCC 998750 8118 8102 VCCAUX 1800000 21648 38967 VCCRAM 798750 612 489 VCCINT 798750 14260 11380 
MC1PTMPGET 001C 28.625 0.000
MC1PCURSHW 012B VCCO_34 1501250 1932 2900 VCCO_16 3301250 0 0 VCCO_15 3293750 46 152 VCCO_14 3295000 0 0 VCCO_13 3301250 1150 3797 VCCO_0 3296250 14950 49276 VCCADC 0 0 0 MGTAVTT 1200000 10332 12399 MGTAVCC 998750 8118 8102 VCCAUX 1800000 21648 38967 VCCRAM 798750 612 489 VCCINT 798750 14260 11380 
MC1PTMPGET 001C 28.625 0.000
MC1PCURSHW 012B VCCO_34 1501250 1932 2900 VCCO_16 3301250 0 0 VCCO_15 3293750 46 152 VCCO_14 3295000 0 0 VCCO_13 3301250 1150 3797 VCCO_0 3296250 14950 49276 VCCADC 0 0 0 MGTAVTT 1200000 10332 12399 MGTAVCC 998750 8118 8102 VCCAUX 1800000 21648 38967 VCCRAM 798750 612 489 VCCINT 798750 14260 11380 
MC1PTMPGET 001C 28.625 0.000
MC1PCURSHW 012B VCCO_34 1501250 1932 2900 VCCO_16 3301250 0 0 VCCO_15 3293750 46 152 VCCO_14 3295000 0 0 VCCO_13 3301250 1150 3797 VCCO_0 3296250 14950 49276 VCCADC 0 0 0 MGTAVTT 1200000 10332 12399 MGTAVCC 998750 8118 8102 VCCAUX 1800000 21648 38967 VCCRAM 798750 612 489 VCCINT 798750 14260 11380 
MC1PTMPGET 001C 28.688 0.000
MC1PCURSHW 012B VCCO_34 1501250 1932 2900 VCCO_16 3301250 0 0 VCCO_15 3293750 46 152 VCCO_14 3295000 0 0 VCCO_13 3301250 1150 3797 VCCO_0 3296250 14950 49276 VCCADC 0 0 0 MGTAVTT 1200000 10332 12399 MGTAVCC 998750 8118 8102 VCCAUX 1800000 21648 38967 VCCRAM 798750 612 489 VCCINT 798750 14260 11380 
MC1PTMPGET 001C 28.688 0.000
MC1PCURSHW 012B VCCO_34 1501250 1932 2900 VCCO_16 3301250 0 0 VCCO_15 3293750 46 152 VCCO_14 3295000 0 0 VCCO_13 3301250 1150 3797 VCCO_0 3296250 14950 49276 VCCADC 0 0 0 MGTAVTT 1200000 10332 12399 MGTAVCC 998750 8118 8102 VCCAUX 1800000 21648 38967 VCCRAM 798750 612 489 VCCINT 798750 14260 11380 
MC1PTMPGET 001C 28.688 0.000
MC1PCURSHW 012B VCCO_34 1501250 1932 2900 VCCO_16 3301250 0 0 VCCO_15 3293750 46 152 VCCO_14 3295000 0 0 VCCO_13 3301250 1150 3797 VCCO_0 3296250 14950 49276 VCCADC 0 0 0 MGTAVTT 1200000 10332 12399 MGTAVCC 998750 8118 8102 VCCAUX 1800000 21648 38967 VCCRAM 798750 612 489 VCCINT 798750 14260 11380 
MC1PTMPGET 001C 28.688 0.000
MC1PCURSHW 012B VCCO_34 1501250 1932 2900 VCCO_16 3301250 0 0 VCCO_15 3293750 46 152 VCCO_14 3295000 0 0 VCCO_13 3301250 1150 3797 VCCO_0 3296250 14950 49276 VCCADC 0 0 0 MGTAVTT 1200000 10332 12399 MGTAVCC 998750 8118 8102 VCCAUX 1800000 21648 38967 VCCRAM 798750 612 489 VCCINT 798750 14260 11380 
MC1PTMPGET 001C 28.688 0.000
